2023 Activity at 2023-01-02T15:25:08: Fix bug in loss function calculation
2023 Activity at 2023-01-02T17:55:57: Optimize GPU memory allocation
2023 Activity at 2023-01-02T10:23:21: Sync with upstream repository changes
2023 Activity at 2023-01-02T10:09:19: Sync with upstream repository changes
2023 Activity at 2023-01-02T15:54:52: Initial prototype for feature extraction
2023 Activity at 2023-01-02T12:05:02: Implement early stopping in training loop
2023 Activity at 2023-01-02T13:36:41: Initial prototype for feature extraction
2023 Activity at 2023-01-02T10:00:40: Sync with upstream repository changes
2023 Activity at 2023-01-03T09:41:46: Add support for transformer-based models
2023 Activity at 2023-01-04T15:06:46: Improve documentation for API endpoints
2023 Activity at 2023-01-04T18:30:10: Fix race condition in data pipeline
2023 Activity at 2023-01-04T10:06:37: Address code review feedback
2023 Activity at 2023-01-04T17:38:10: Implement early stopping in training loop
2023 Activity at 2023-01-04T17:25:04: Merge feature branch into main
2023 Activity at 2023-01-04T13:39:56: Enhance logging for debugging production issues
2023 Activity at 2023-01-05T09:37:37: Address code review feedback
2023 Activity at 2023-01-05T18:33:11: Add support for transformer-based models
2023 Activity at 2023-01-05T09:08:55: Improve model serialization and loading
2023 Activity at 2023-01-05T15:53:21: Enhance logging for debugging production issues
2023 Activity at 2023-01-05T17:41:05: Sync with upstream repository changes
2023 Activity at 2023-01-05T19:43:00: Improve documentation for API endpoints
2023 Activity at 2023-01-05T16:15:11: Initial prototype for feature extraction
2023 Activity at 2023-01-05T16:05:55: Initial prototype for feature extraction
2023 Activity at 2023-01-06T09:00:32: Update README with new performance metrics
2023 Activity at 2023-01-06T13:19:52: Update README with new performance metrics
2023 Activity at 2023-01-06T11:22:36: Merge feature branch into main
2023 Activity at 2023-01-06T13:34:24: Add unit tests for core modules
2023 Activity at 2023-01-06T10:52:33: Clean up unused variables and functions
2023 Activity at 2023-01-06T19:52:17: Address code review feedback
2023 Activity at 2023-01-06T10:48:36: Fix race condition in data pipeline
2023 Activity at 2023-01-11T11:44:45: Implement early stopping in training loop
2023 Activity at 2023-01-11T13:31:37: Optimize GPU memory allocation
2023 Activity at 2023-01-11T14:16:43: Initial prototype for feature extraction
2023 Activity at 2023-01-11T12:57:14: Refactor data loader for faster training
2023 Activity at 2023-01-11T12:50:01: Optimize GPU memory allocation
2023 Activity at 2023-01-11T10:29:02: Merge feature branch into main
2023 Activity at 2023-01-11T13:18:36: Implement early stopping in training loop
2023 Activity at 2023-01-13T09:51:20: Sync with upstream repository changes
2023 Activity at 2023-01-13T09:00:45: Optimize neural network architecture
2023 Activity at 2023-01-17T10:49:19: Fix race condition in data pipeline
2023 Activity at 2023-01-17T13:47:47: Address code review feedback
2023 Activity at 2023-01-17T18:02:04: Sync with upstream repository changes
2023 Activity at 2023-01-17T16:15:47: Improve model serialization and loading
2023 Activity at 2023-01-17T16:06:28: Enhance logging for debugging production issues
2023 Activity at 2023-01-17T12:50:25: Optimize neural network architecture
2023 Activity at 2023-01-17T17:43:20: Initial prototype for feature extraction
2023 Activity at 2023-01-18T13:02:57: Add support for multi-GPU training
2023 Activity at 2023-01-18T12:57:45: Benchmark inference latency across devices
2023 Activity at 2023-01-18T16:55:16: Update dependencies to latest stable versions
2023 Activity at 2023-01-18T12:54:34: Implement early stopping in training loop
2023 Activity at 2023-01-18T16:14:30: Update dependencies to latest stable versions
2023 Activity at 2023-01-18T17:28:32: Fix race condition in data pipeline
2023 Activity at 2023-01-18T10:29:46: Update dependencies to latest stable versions
2023 Activity at 2023-01-19T18:57:18: Clean up unused variables and functions
2023 Activity at 2023-01-19T14:06:48: Add support for multi-GPU training
2023 Activity at 2023-01-19T11:56:16: Fix race condition in data pipeline
2023 Activity at 2023-01-19T19:15:07: Optimize GPU memory allocation
2023 Activity at 2023-01-19T18:55:10: Improve documentation for API endpoints
2023 Activity at 2023-01-19T16:45:05: Refactor data loader for faster training
2023 Activity at 2023-01-19T16:27:30: Refactor data loader for faster training
2023 Activity at 2023-01-19T15:37:56: Improve documentation for API endpoints
2023 Activity at 2023-01-19T16:47:11: Refactor data loader for faster training
2023 Activity at 2023-01-19T14:27:19: Merge feature branch into main
2023 Activity at 2023-01-20T10:28:03: Clean up unused variables and functions
2023 Activity at 2023-01-20T14:01:54: Implement early stopping in training loop
2023 Activity at 2023-01-20T09:57:45: Refactor data loader for faster training
2023 Activity at 2023-01-20T09:16:33: Optimize neural network architecture
2023 Activity at 2023-01-20T18:29:08: Initial prototype for feature extraction
2023 Activity at 2023-01-20T18:21:18: Optimize GPU memory allocation
2023 Activity at 2023-01-20T12:08:32: Fix race condition in data pipeline
2023 Activity at 2023-01-23T09:43:25: Optimize neural network architecture
2023 Activity at 2023-01-23T10:01:09: Update README with new performance metrics
2023 Activity at 2023-01-24T18:09:29: Clean up unused variables and functions
2023 Activity at 2023-01-24T13:30:57: Improve model serialization and loading
2023 Activity at 2023-01-24T16:09:36: Sync with upstream repository changes
2023 Activity at 2023-01-24T10:27:37: Improve documentation for API endpoints
2023 Activity at 2023-01-24T19:57:25: Optimize GPU memory allocation
2023 Activity at 2023-01-24T17:26:28: Update dependencies to latest stable versions
2023 Activity at 2023-01-24T16:42:00: Fix race condition in data pipeline
2023 Activity at 2023-01-24T18:15:30: Merge feature branch into main
2023 Activity at 2023-01-24T09:26:28: Optimize GPU memory allocation
2023 Activity at 2023-01-24T10:32:24: Improve model serialization and loading
2023 Activity at 2023-01-25T15:14:03: Clean up unused variables and functions
2023 Activity at 2023-01-25T14:53:33: Sync with upstream repository changes
2023 Activity at 2023-01-25T16:20:12: Update README with new performance metrics
2023 Activity at 2023-01-25T19:34:37: Optimize GPU memory allocation
2023 Activity at 2023-01-25T15:07:11: Optimize neural network architecture
2023 Activity at 2023-01-25T19:08:37: Benchmark inference latency across devices
2023 Activity at 2023-01-25T15:55:58: Enhance logging for debugging production issues
2023 Activity at 2023-01-25T18:29:22: Address code review feedback
2023 Activity at 2023-01-25T12:11:05: Update dependencies to latest stable versions
2023 Activity at 2023-01-25T17:35:32: Address code review feedback
2023 Activity at 2023-01-25T11:31:38: Fix bug in loss function calculation
2023 Activity at 2023-01-27T16:29:42: Sync with upstream repository changes
2023 Activity at 2023-01-30T13:29:21: Update README with new performance metrics
2023 Activity at 2023-01-30T19:16:25: Merge feature branch into main
2023 Activity at 2023-01-30T15:15:23: Improve documentation for API endpoints
2023 Activity at 2023-01-30T18:55:55: Benchmark inference latency across devices
2023 Activity at 2023-01-30T10:18:36: Improve model serialization and loading
2023 Activity at 2023-01-30T18:20:38: Add support for multi-GPU training
2023 Activity at 2023-01-30T10:21:43: Clean up unused variables and functions
2023 Activity at 2023-01-30T10:10:03: Initial prototype for feature extraction
2023 Activity at 2023-01-31T15:56:22: Initial prototype for feature extraction
2023 Activity at 2023-01-31T15:26:25: Fix race condition in data pipeline
2023 Activity at 2023-01-31T15:54:27: Enhance logging for debugging production issues
2023 Activity at 2023-01-31T17:14:19: Sync with upstream repository changes
2023 Activity at 2023-01-31T11:18:10: Optimize GPU memory allocation
2023 Activity at 2023-01-31T13:38:13: Optimize GPU memory allocation
2023 Activity at 2023-01-31T14:54:15: Improve documentation for API endpoints
2023 Activity at 2023-01-31T13:56:51: Update README with new performance metrics
2023 Activity at 2023-01-31T10:49:56: Implement early stopping in training loop
2023 Activity at 2023-02-03T12:57:10: Merge feature branch into main
2023 Activity at 2023-02-03T18:47:32: Fix bug in loss function calculation
2023 Activity at 2023-02-03T09:53:49: Add support for transformer-based models
2023 Activity at 2023-02-03T14:51:07: Add unit tests for core modules
2023 Activity at 2023-02-03T10:57:24: Implement early stopping in training loop
2023 Activity at 2023-02-03T14:26:10: Update README with new performance metrics
2023 Activity at 2023-02-03T15:36:34: Optimize neural network architecture
2023 Activity at 2023-02-03T18:35:43: Improve documentation for API endpoints
2023 Activity at 2023-02-07T19:15:08: Add support for multi-GPU training
2023 Activity at 2023-02-07T16:15:29: Optimize GPU memory allocation
2023 Activity at 2023-02-07T12:28:17: Fix bug in loss function calculation
2023 Activity at 2023-02-07T13:58:48: Merge feature branch into main
2023 Activity at 2023-02-07T18:10:32: Implement early stopping in training loop
2023 Activity at 2023-02-07T15:13:02: Implement early stopping in training loop
2023 Activity at 2023-02-07T17:22:50: Update dependencies to latest stable versions
2023 Activity at 2023-02-07T09:21:59: Benchmark inference latency across devices
2023 Activity at 2023-02-07T18:37:54: Enhance logging for debugging production issues
2023 Activity at 2023-02-07T10:07:08: Optimize GPU memory allocation
2023 Activity at 2023-02-07T11:30:39: Update README with new performance metrics
2023 Activity at 2023-02-08T11:26:39: Address code review feedback
2023 Activity at 2023-02-08T15:59:44: Update README with new performance metrics
2023 Activity at 2023-02-08T19:38:10: Benchmark inference latency across devices
2023 Activity at 2023-02-08T19:57:20: Fix bug in loss function calculation
2023 Activity at 2023-02-08T12:54:24: Address code review feedback
2023 Activity at 2023-02-09T15:10:22: Update dependencies to latest stable versions
2023 Activity at 2023-02-09T13:44:43: Address code review feedback
2023 Activity at 2023-02-09T11:32:44: Fix bug in loss function calculation
2023 Activity at 2023-02-09T11:48:13: Enhance logging for debugging production issues
2023 Activity at 2023-02-09T17:33:02: Merge feature branch into main
2023 Activity at 2023-02-09T12:07:42: Add support for transformer-based models
2023 Activity at 2023-02-09T17:07:47: Add support for multi-GPU training
2023 Activity at 2023-02-09T10:30:40: Improve documentation for API endpoints
2023 Activity at 2023-02-09T13:40:25: Add support for transformer-based models
2023 Activity at 2023-02-09T09:20:59: Update dependencies to latest stable versions
2023 Activity at 2023-02-09T13:57:08: Optimize neural network architecture
2023 Activity at 2023-02-10T16:31:18: Update dependencies to latest stable versions
2023 Activity at 2023-02-10T14:36:26: Add support for transformer-based models
2023 Activity at 2023-02-10T17:21:08: Fix race condition in data pipeline
2023 Activity at 2023-02-10T16:08:05: Add unit tests for core modules
2023 Activity at 2023-02-10T10:45:40: Fix race condition in data pipeline
2023 Activity at 2023-02-10T15:19:17: Add support for transformer-based models
2023 Activity at 2023-02-10T14:59:04: Refactor data loader for faster training
2023 Activity at 2023-02-10T16:54:47: Update README with new performance metrics
2023 Activity at 2023-02-10T14:37:29: Update dependencies to latest stable versions
2023 Activity at 2023-02-10T13:05:56: Benchmark inference latency across devices
2023 Activity at 2023-02-15T18:25:11: Update dependencies to latest stable versions
2023 Activity at 2023-02-15T12:17:42: Enhance logging for debugging production issues
2023 Activity at 2023-02-15T09:10:01: Improve model serialization and loading
2023 Activity at 2023-02-15T19:28:43: Address code review feedback
2023 Activity at 2023-02-15T11:48:53: Merge feature branch into main
2023 Activity at 2023-02-15T18:01:49: Merge feature branch into main
2023 Activity at 2023-02-15T19:20:59: Optimize neural network architecture
2023 Activity at 2023-02-21T15:40:38: Enhance logging for debugging production issues
2023 Activity at 2023-02-21T13:17:55: Enhance logging for debugging production issues
2023 Activity at 2023-02-23T15:49:28: Optimize GPU memory allocation
2023 Activity at 2023-02-23T18:08:51: Update dependencies to latest stable versions
2023 Activity at 2023-02-23T13:10:37: Optimize neural network architecture
2023 Activity at 2023-02-23T15:11:00: Clean up unused variables and functions
2023 Activity at 2023-02-23T11:02:06: Improve documentation for API endpoints
2023 Activity at 2023-02-23T09:22:51: Sync with upstream repository changes
2023 Activity at 2023-02-24T18:29:16: Implement early stopping in training loop
2023 Activity at 2023-02-24T16:59:45: Clean up unused variables and functions
2023 Activity at 2023-02-27T14:35:45: Improve model serialization and loading
2023 Activity at 2023-02-27T11:19:21: Refactor data loader for faster training
2023 Activity at 2023-02-27T11:03:42: Fix race condition in data pipeline
2023 Activity at 2023-02-27T13:41:59: Improve model serialization and loading
2023 Activity at 2023-02-27T12:19:25: Optimize GPU memory allocation
2023 Activity at 2023-02-27T13:56:19: Address code review feedback
2023 Activity at 2023-02-27T16:54:36: Merge feature branch into main
2023 Activity at 2023-02-27T17:58:03: Initial prototype for feature extraction
2023 Activity at 2023-02-27T16:18:38: Benchmark inference latency across devices
2023 Activity at 2023-02-27T11:47:28: Update README with new performance metrics
2023 Activity at 2023-02-27T09:42:23: Improve documentation for API endpoints
2023 Activity at 2023-02-27T14:52:20: Add support for transformer-based models
2023 Activity at 2023-03-02T14:53:28: Update dependencies to latest stable versions
2023 Activity at 2023-03-02T18:18:39: Improve documentation for API endpoints
2023 Activity at 2023-03-02T15:34:10: Clean up unused variables and functions
2023 Activity at 2023-03-02T19:47:07: Sync with upstream repository changes
2023 Activity at 2023-03-02T13:22:50: Address code review feedback
2023 Activity at 2023-03-03T09:46:16: Implement early stopping in training loop
2023 Activity at 2023-03-03T09:29:41: Optimize GPU memory allocation
2023 Activity at 2023-03-03T19:38:00: Implement early stopping in training loop
2023 Activity at 2023-03-06T10:56:34: Add unit tests for core modules
2023 Activity at 2023-03-06T13:01:09: Fix race condition in data pipeline
2023 Activity at 2023-03-06T10:16:38: Add support for multi-GPU training
2023 Activity at 2023-03-06T12:23:19: Optimize neural network architecture
2023 Activity at 2023-03-06T12:13:22: Optimize GPU memory allocation
2023 Activity at 2023-03-06T14:56:34: Benchmark inference latency across devices
2023 Activity at 2023-03-06T09:32:23: Add support for transformer-based models
2023 Activity at 2023-03-08T12:09:02: Fix bug in loss function calculation
2023 Activity at 2023-03-08T14:40:05: Improve model serialization and loading
2023 Activity at 2023-03-08T17:25:13: Optimize neural network architecture
2023 Activity at 2023-03-08T13:46:18: Fix bug in loss function calculation
2023 Activity at 2023-03-08T19:53:33: Clean up unused variables and functions
2023 Activity at 2023-03-08T17:22:26: Initial prototype for feature extraction
2023 Activity at 2023-03-08T09:29:50: Improve model serialization and loading
2023 Activity at 2023-03-08T14:48:39: Fix bug in loss function calculation
2023 Activity at 2023-03-08T17:47:32: Improve model serialization and loading
2023 Activity at 2023-03-08T10:26:55: Add support for multi-GPU training
2023 Activity at 2023-03-08T17:08:23: Optimize neural network architecture
2023 Activity at 2023-03-08T18:15:57: Enhance logging for debugging production issues
2023 Activity at 2023-03-10T17:19:22: Address code review feedback
2023 Activity at 2023-03-10T19:43:53: Improve documentation for API endpoints
2023 Activity at 2023-03-10T17:58:29: Fix bug in loss function calculation
2023 Activity at 2023-03-10T17:38:21: Add unit tests for core modules
2023 Activity at 2023-03-10T18:08:33: Improve model serialization and loading
2023 Activity at 2023-03-10T16:31:34: Clean up unused variables and functions
2023 Activity at 2023-03-10T11:52:23: Optimize neural network architecture
2023 Activity at 2023-03-10T18:53:03: Fix race condition in data pipeline
2023 Activity at 2023-03-10T10:38:16: Sync with upstream repository changes
2023 Activity at 2023-03-20T11:45:18: Refactor data loader for faster training
2023 Activity at 2023-03-20T19:47:37: Update README with new performance metrics
2023 Activity at 2023-03-20T14:30:55: Benchmark inference latency across devices
2023 Activity at 2023-03-20T10:05:31: Optimize GPU memory allocation
2023 Activity at 2023-03-20T10:01:19: Fix bug in loss function calculation
2023 Activity at 2023-03-20T13:46:00: Implement early stopping in training loop
2023 Activity at 2023-03-20T09:55:05: Enhance logging for debugging production issues
2023 Activity at 2023-03-21T13:38:56: Fix race condition in data pipeline
2023 Activity at 2023-03-22T17:39:05: Optimize neural network architecture
2023 Activity at 2023-03-22T10:28:13: Add unit tests for core modules
2023 Activity at 2023-03-22T12:20:53: Fix bug in loss function calculation
2023 Activity at 2023-03-23T18:59:04: Optimize GPU memory allocation
2023 Activity at 2023-03-23T10:08:47: Fix race condition in data pipeline
2023 Activity at 2023-03-23T10:54:30: Implement early stopping in training loop
2023 Activity at 2023-03-23T19:29:28: Fix race condition in data pipeline
2023 Activity at 2023-03-23T18:20:47: Optimize GPU memory allocation
2023 Activity at 2023-03-23T19:30:59: Initial prototype for feature extraction
2023 Activity at 2023-03-24T19:02:23: Add unit tests for core modules
2023 Activity at 2023-03-24T16:53:40: Add unit tests for core modules
2023 Activity at 2023-03-24T09:48:27: Enhance logging for debugging production issues
2023 Activity at 2023-03-24T17:11:48: Address code review feedback
2023 Activity at 2023-03-24T16:49:02: Add support for multi-GPU training
2023 Activity at 2023-03-24T12:34:24: Initial prototype for feature extraction
2023 Activity at 2023-03-24T19:48:44: Implement early stopping in training loop
2023 Activity at 2023-03-24T11:23:00: Add unit tests for core modules
2023 Activity at 2023-03-24T19:12:51: Add support for multi-GPU training
2023 Activity at 2023-03-24T19:43:07: Add support for transformer-based models
2023 Activity at 2023-03-24T10:13:09: Initial prototype for feature extraction
2023 Activity at 2023-03-29T12:29:48: Merge feature branch into main
2023 Activity at 2023-03-29T15:24:03: Optimize GPU memory allocation
2023 Activity at 2023-03-29T13:57:51: Add support for multi-GPU training
2023 Activity at 2023-03-29T14:03:23: Refactor data loader for faster training
2023 Activity at 2023-03-29T17:13:21: Initial prototype for feature extraction
2023 Activity at 2023-03-29T14:58:31: Refactor data loader for faster training
2023 Activity at 2023-03-31T09:29:32: Address code review feedback
2023 Activity at 2023-03-31T18:37:57: Benchmark inference latency across devices
2023 Activity at 2023-03-31T09:03:52: Enhance logging for debugging production issues
2023 Activity at 2023-03-31T10:25:36: Update dependencies to latest stable versions
2023 Activity at 2023-03-31T09:01:25: Add unit tests for core modules
2023 Activity at 2023-03-31T09:55:54: Improve documentation for API endpoints
