2024 Activity at 2024-01-02T11:17:29: Implement early stopping logic in the training loop
2024 Activity at 2024-01-02T10:45:29: Sync with upstream repository changes and updates
2024 Activity at 2024-01-02T12:52:37: Optimize GPU memory allocation for large models
2024 Activity at 2024-01-02T16:31:53: Refactor data loading pipeline for higher throughput
2024 Activity at 2024-01-02T10:30:46: Benchmark inference latency across multiple devices
2024 Activity at 2024-01-02T11:49:16: Add comprehensive unit tests for core ML modules
2024 Activity at 2024-01-03T14:04:35: Sync with upstream repository changes and updates
2024 Activity at 2024-01-03T11:37:17: Update README with latest performance benchmarks
2024 Activity at 2024-01-03T10:21:39: Optimize neural network architecture for better performance
2024 Activity at 2024-01-03T14:22:36: Sync with upstream repository changes and updates
2024 Activity at 2024-01-03T12:24:38: Update README with latest performance benchmarks
2024 Activity at 2024-01-03T15:34:51: Sync with upstream repository changes and updates
2024 Activity at 2024-01-03T13:42:20: Benchmark inference latency across multiple devices
2024 Activity at 2024-01-05T15:37:11: Fix bug in loss function calculation for edge cases
2024 Activity at 2024-01-08T17:49:59: Update README with latest performance benchmarks
2024 Activity at 2024-01-08T10:57:30: Address code review feedback from the senior team
2024 Activity at 2024-01-08T15:47:57: Fix bug in loss function calculation for edge cases
2024 Activity at 2024-01-08T12:40:01: Merge feature branch into main for the next release
2024 Activity at 2024-01-08T13:32:22: Clean up unused variables and deprecated functions
2024 Activity at 2024-01-08T12:05:50: Address code review feedback from the senior team
2024 Activity at 2024-01-08T18:04:19: Update dependencies to latest stable versions (2024)
2024 Activity at 2024-01-08T17:12:15: Add support for transformer-based models in inference
2024 Activity at 2024-01-08T14:42:20: Update README with latest performance benchmarks
2024 Activity at 2024-01-10T18:42:28: Initial prototype for feature extraction in real-time
2024 Activity at 2024-01-10T09:26:30: Merge feature branch into main for the next release
2024 Activity at 2024-01-10T18:29:42: Add support for transformer-based models in inference
2024 Activity at 2024-01-10T09:04:38: Optimize GPU memory allocation for large models
2024 Activity at 2024-01-10T18:53:31: Update README with latest performance benchmarks
2024 Activity at 2024-01-10T09:20:38: Improve documentation for REST API endpoints
2024 Activity at 2024-01-10T18:20:54: Add support for transformer-based models in inference
2024 Activity at 2024-01-10T19:38:43: Update dependencies to latest stable versions (2024)
2024 Activity at 2024-01-10T15:04:03: Address code review feedback from the senior team
2024 Activity at 2024-01-16T12:29:20: Add support for transformer-based models in inference
2024 Activity at 2024-01-16T19:25:19: Optimize neural network architecture for better performance
2024 Activity at 2024-01-19T09:53:59: Add comprehensive unit tests for core ML modules
2024 Activity at 2024-01-22T14:31:32: Sync with upstream repository changes and updates
2024 Activity at 2024-01-22T14:11:39: Add support for transformer-based models in inference
2024 Activity at 2024-01-22T13:43:31: Benchmark inference latency across multiple devices
2024 Activity at 2024-01-22T19:58:15: Benchmark inference latency across multiple devices
2024 Activity at 2024-01-22T17:41:16: Optimize GPU memory allocation for large models
2024 Activity at 2024-01-22T19:29:33: Improve documentation for REST API endpoints
2024 Activity at 2024-01-22T17:23:34: Optimize neural network architecture for better performance
2024 Activity at 2024-01-23T18:01:23: Implement early stopping logic in the training loop
2024 Activity at 2024-01-23T12:44:04: Benchmark inference latency across multiple devices
2024 Activity at 2024-01-23T18:25:52: Add support for transformer-based models in inference
2024 Activity at 2024-01-23T17:11:12: Improve documentation for REST API endpoints
2024 Activity at 2024-01-23T11:13:18: Initial prototype for feature extraction in real-time
2024 Activity at 2024-01-23T17:30:40: Initial prototype for feature extraction in real-time
2024 Activity at 2024-01-24T17:19:33: Update README with latest performance benchmarks
2024 Activity at 2024-01-24T10:34:09: Clean up unused variables and deprecated functions
2024 Activity at 2024-01-25T14:42:40: Sync with upstream repository changes and updates
2024 Activity at 2024-01-25T14:45:56: Merge feature branch into main for the next release
2024 Activity at 2024-01-25T18:42:55: Optimize neural network architecture for better performance
