Activity at 2024-11-01T15:37:46: Add support for multi-cloud environments
Activity at 2024-11-01T10:24:54: Update documentation for RAG implementation
Activity at 2024-11-01T11:50:18: Address feedback from code review
Activity at 2024-11-01T15:20:22: Initial research on graph-based RAG
Activity at 2024-11-01T17:29:23: Refactor core ML pipeline for better scalability
Activity at 2024-11-01T17:03:27: Improve logging and monitoring in production
Activity at 2024-11-01T19:48:54: Sync with upstream changes
Activity at 2024-11-04T11:29:20: Prototype new attention mechanism
Activity at 2024-11-04T12:06:06: Implement new feature for synthetic data generation
Activity at 2024-11-04T19:45:08: Implement new feature for synthetic data generation
Activity at 2024-11-04T19:02:38: Initial research on graph-based RAG
Activity at 2024-11-04T10:00:27: Initial research on graph-based RAG
Activity at 2024-11-04T12:54:33: Merge pull request from feature branch
Activity at 2024-11-04T18:07:37: Update requirements.txt with latest stable versions
Activity at 2024-11-04T18:07:34: Merge pull request from feature branch
Activity at 2024-11-04T13:30:27: Add unit tests for neural optimizer
Activity at 2024-11-04T21:38:10: Refactor core ML pipeline for better scalability
Activity at 2024-11-04T18:41:13: Add support for multi-cloud environments
Activity at 2024-11-04T15:08:12: Improve logging and monitoring in production
Activity at 2024-11-04T17:01:02: Update requirements.txt with latest stable versions
Activity at 2024-11-04T12:12:00: Clean up code and improve readability
