2025 Activity at 2025-01-02T12:00:53: Update README with 2025 performance benchmarks
2025 Activity at 2025-01-02T18:41:56: Address feedback from technical design review
2025 Activity at 2025-01-02T15:28:38: Fix bug in backpropagation for custom layers
2025 Activity at 2025-01-02T19:56:42: Improve model serialization for edge deployment
2025 Activity at 2025-01-02T10:15:04: Update documentation for new LLMOps features
2025 Activity at 2025-01-02T13:44:39: Fix concurrency issue in the data ingestion pipeline
2025 Activity at 2025-01-03T13:26:09: Update README with 2025 performance benchmarks
2025 Activity at 2025-01-03T12:36:25: Sync with latest upstream repository updates
2025 Activity at 2025-01-03T18:57:32: Fix concurrency issue in the data ingestion pipeline
2025 Activity at 2025-01-06T10:48:23: Update documentation for new LLMOps features
2025 Activity at 2025-01-06T17:33:25: Add support for distributed training across clusters
2025 Activity at 2025-01-06T12:25:02: Update documentation for new LLMOps features
2025 Activity at 2025-01-06T19:16:14: Optimize memory management for large-scale inference
2025 Activity at 2025-01-08T12:45:28: Optimize memory management for large-scale inference
2025 Activity at 2025-01-08T17:08:13: Benchmark inference throughput on latest hardware
2025 Activity at 2025-01-08T10:48:12: Optimize memory management for large-scale inference
2025 Activity at 2025-01-08T10:52:03: Update documentation for new LLMOps features
2025 Activity at 2025-01-08T15:07:45: Merge stable feature branch into main
2025 Activity at 2025-01-08T12:40:57: Enhance real-time monitoring for model drift
2025 Activity at 2025-01-08T18:55:33: Improve model serialization for edge deployment
2025 Activity at 2025-01-08T12:40:02: Refactor data preprocessing for distributed training
2025 Activity at 2025-01-08T19:21:50: Enhance real-time monitoring for model drift
2025 Activity at 2025-01-08T15:32:10: Address feedback from technical design review
2025 Activity at 2025-01-09T14:06:29: Clean up legacy code and improve modularity
2025 Activity at 2025-01-09T16:49:16: Update README with 2025 performance benchmarks
2025 Activity at 2025-01-09T09:58:24: Merge stable feature branch into main
2025 Activity at 2025-01-09T14:43:56: Enhance real-time monitoring for model drift
2025 Activity at 2025-01-09T09:31:11: Sync with latest upstream repository updates
2025 Activity at 2025-01-09T15:40:14: Optimize neural network performance for production workloads
2025 Activity at 2025-01-09T15:14:39: Fix concurrency issue in the data ingestion pipeline
2025 Activity at 2025-01-09T09:39:49: Update README with 2025 performance benchmarks
2025 Activity at 2025-01-09T10:28:53: Benchmark inference throughput on latest hardware
2025 Activity at 2025-01-10T11:48:17: Add support for distributed training across clusters
2025 Activity at 2025-01-10T17:37:10: Merge stable feature branch into main
2025 Activity at 2025-01-10T17:26:07: Implement adaptive learning rate scheduling
2025 Activity at 2025-01-10T12:37:49: Address feedback from technical design review
2025 Activity at 2025-01-10T09:50:04: Clean up legacy code and improve modularity
2025 Activity at 2025-01-10T15:42:04: Optimize memory management for large-scale inference
2025 Activity at 2025-01-10T16:11:01: Optimize memory management for large-scale inference
2025 Activity at 2025-01-10T12:55:02: Update documentation for new LLMOps features
2025 Activity at 2025-01-14T18:20:11: Clean up legacy code and improve modularity
2025 Activity at 2025-01-14T18:08:42: Optimize neural network performance for production workloads
2025 Activity at 2025-01-14T10:43:44: Add support for multimodal models in inference engine
2025 Activity at 2025-01-14T17:11:10: Implement adaptive learning rate scheduling
2025 Activity at 2025-01-15T17:53:01: Address feedback from technical design review
2025 Activity at 2025-01-15T19:34:18: Initial prototype for agentic workflow integration
2025 Activity at 2025-01-15T16:13:20: Address feedback from technical design review
2025 Activity at 2025-01-15T19:48:43: Improve model serialization for edge deployment
2025 Activity at 2025-01-15T14:04:18: Fix concurrency issue in the data ingestion pipeline
2025 Activity at 2025-01-15T12:28:57: Optimize memory management for large-scale inference
2025 Activity at 2025-01-15T13:06:01: Sync with latest upstream repository updates
2025 Activity at 2025-01-15T15:05:34: Add comprehensive integration tests for core modules
2025 Activity at 2025-01-15T09:58:17: Refactor data preprocessing for distributed training
2025 Activity at 2025-01-16T17:14:34: Fix bug in backpropagation for custom layers
2025 Activity at 2025-01-16T09:26:24: Sync with latest upstream repository updates
2025 Activity at 2025-01-22T14:57:28: Address feedback from technical design review
2025 Activity at 2025-01-22T17:01:27: Optimize memory management for large-scale inference
2025 Activity at 2025-01-22T16:00:43: Clean up legacy code and improve modularity
2025 Activity at 2025-01-23T14:32:27: Add support for distributed training across clusters
2025 Activity at 2025-01-23T09:50:22: Update documentation for new LLMOps features
2025 Activity at 2025-01-23T12:05:27: Optimize neural network performance for production workloads
2025 Activity at 2025-01-23T16:19:35: Implement adaptive learning rate scheduling
2025 Activity at 2025-01-24T12:26:22: Update documentation for new LLMOps features
