Robust Activity at 2023-01-02T11:51:48: Improve model serialization and loading
Robust Activity at 2023-01-02T18:01:04: Update dependencies to latest stable versions
Robust Activity at 2023-01-02T15:56:22: Initial prototype for feature extraction
Robust Activity at 2023-01-02T16:21:31: Benchmark inference latency across devices
Robust Activity at 2023-01-02T17:44:46: Optimize GPU memory allocation
Robust Activity at 2023-01-03T16:20:40: Benchmark inference latency across devices
Robust Activity at 2023-01-03T18:29:39: Clean up unused variables and functions
Robust Activity at 2023-01-03T10:51:16: Optimize GPU memory allocation
Robust Activity at 2023-01-03T15:09:15: Initial prototype for feature extraction
Robust Activity at 2023-01-03T15:40:49: Benchmark inference latency across devices
Robust Activity at 2023-01-04T15:45:29: Sync with upstream repository changes
Robust Activity at 2023-01-04T18:23:53: Enhance logging for debugging production issues
Robust Activity at 2023-01-04T15:06:36: Add support for multi-GPU training
Robust Activity at 2023-01-04T13:21:09: Refactor data loader for faster training
Robust Activity at 2023-01-05T17:57:30: Merge feature branch into main
Robust Activity at 2023-01-05T11:03:05: Benchmark inference latency across devices
Robust Activity at 2023-01-05T10:03:24: Optimize GPU memory allocation
Robust Activity at 2023-01-05T12:43:12: Update README with new performance metrics
Robust Activity at 2023-01-06T17:41:10: Fix race condition in data pipeline
Robust Activity at 2023-01-06T17:38:18: Address code review feedback
Robust Activity at 2023-01-10T09:51:36: Address code review feedback
Robust Activity at 2023-01-10T18:18:31: Address code review feedback
Robust Activity at 2023-01-10T11:21:37: Add support for multi-GPU training
Robust Activity at 2023-01-10T13:59:47: Clean up unused variables and functions
Robust Activity at 2023-01-10T10:16:54: Add unit tests for core modules
Robust Activity at 2023-01-10T11:19:28: Sync with upstream repository changes
Robust Activity at 2023-01-11T09:59:32: Add support for multi-GPU training
Robust Activity at 2023-01-11T10:46:34: Address code review feedback
Robust Activity at 2023-01-11T18:44:52: Improve model serialization and loading
Robust Activity at 2023-01-11T15:28:17: Refactor data loader for faster training
Robust Activity at 2023-01-11T17:31:51: Optimize GPU memory allocation
Robust Activity at 2023-01-11T13:45:31: Benchmark inference latency across devices
Robust Activity at 2023-01-13T11:37:49: Fix race condition in data pipeline
Robust Activity at 2023-01-13T18:13:27: Add support for transformer-based models
Robust Activity at 2023-01-17T18:17:24: Enhance logging for debugging production issues
Robust Activity at 2023-01-17T16:04:39: Sync with upstream repository changes
Robust Activity at 2023-01-17T17:41:30: Address code review feedback
Robust Activity at 2023-01-18T15:22:11: Fix race condition in data pipeline
Robust Activity at 2023-01-18T12:01:06: Address code review feedback
Robust Activity at 2023-01-18T18:29:48: Address code review feedback
Robust Activity at 2023-01-18T11:40:39: Enhance logging for debugging production issues
Robust Activity at 2023-01-18T10:20:59: Implement early stopping in training loop
Robust Activity at 2023-01-20T18:07:17: Initial prototype for feature extraction
Robust Activity at 2023-01-20T09:48:17: Implement early stopping in training loop
Robust Activity at 2023-01-20T18:46:29: Update dependencies to latest stable versions
Robust Activity at 2023-01-25T17:01:32: Improve model serialization and loading
Robust Activity at 2023-01-25T09:38:46: Optimize GPU memory allocation
Robust Activity at 2023-01-25T18:56:05: Optimize neural network architecture
Robust Activity at 2023-01-25T14:03:51: Clean up unused variables and functions
Robust Activity at 2023-01-25T16:59:31: Refactor data loader for faster training
Robust Activity at 2023-01-25T12:42:23: Update README with new performance metrics
Robust Activity at 2023-01-26T12:25:45: Clean up unused variables and functions
Robust Activity at 2023-01-26T10:48:55: Enhance logging for debugging production issues
Robust Activity at 2023-01-31T10:45:27: Fix bug in loss function calculation
Robust Activity at 2023-01-31T15:38:05: Improve model serialization and loading
Robust Activity at 2023-01-31T17:53:33: Optimize GPU memory allocation
Robust Activity at 2023-02-03T16:00:08: Add support for transformer-based models
Robust Activity at 2023-02-03T16:37:38: Improve model serialization and loading
Robust Activity at 2023-02-06T13:34:50: Optimize neural network architecture
Robust Activity at 2023-02-06T16:18:07: Address code review feedback
Robust Activity at 2023-02-06T11:34:17: Benchmark inference latency across devices
Robust Activity at 2023-02-08T14:50:42: Fix race condition in data pipeline
Robust Activity at 2023-02-08T16:04:00: Optimize neural network architecture
Robust Activity at 2023-02-08T11:43:56: Address code review feedback
Robust Activity at 2023-02-08T16:51:02: Fix bug in loss function calculation
Robust Activity at 2023-02-09T10:38:03: Sync with upstream repository changes
Robust Activity at 2023-02-09T14:44:15: Update README with new performance metrics
Robust Activity at 2023-02-09T12:57:14: Add support for multi-GPU training
Robust Activity at 2023-02-09T14:13:29: Add unit tests for core modules
Robust Activity at 2023-02-10T18:31:49: Add support for transformer-based models
Robust Activity at 2023-02-10T13:29:32: Add support for transformer-based models
Robust Activity at 2023-02-10T13:21:56: Optimize GPU memory allocation
Robust Activity at 2023-02-10T17:49:20: Refactor data loader for faster training
Robust Activity at 2023-02-10T13:08:26: Refactor data loader for faster training
Robust Activity at 2023-02-10T09:03:21: Add support for multi-GPU training
Robust Activity at 2023-02-17T09:10:58: Add support for multi-GPU training
Robust Activity at 2023-02-17T10:27:34: Sync with upstream repository changes
Robust Activity at 2023-02-17T14:34:26: Implement early stopping in training loop
Robust Activity at 2023-02-22T12:31:37: Fix race condition in data pipeline
Robust Activity at 2023-02-22T18:02:30: Update README with new performance metrics
Robust Activity at 2023-02-22T15:32:03: Add support for transformer-based models
